<?xml version="1.0" encoding="UTF-8"?>
<!-- Generated by org.testng.reporters.JUnitReportReporter -->
<testsuite hostname="DESKTOP-Q65IJCN" failures="0" tests="1" name="Testcases.MyfirstTest" time="9.078" errors="0" timestamp="2023-06-11T20:33:46 IST" skipped="0">
  <testcase classname="Testcases.MyfirstTest" name="loginTest" time="9.078"/>
  <system-out/>
</testsuite> <!-- Testcases.MyfirstTest -->
