<?xml version="1.0" encoding="UTF-8"?>
<!-- Generated by org.testng.reporters.JUnitReportReporter -->
<testsuite hostname="DESKTOP-Q65IJCN" failures="0" tests="1" name="Testcases.MyfirstTest" time="8.525" errors="0" timestamp="12 Jun 2023 07:09:32 GMT" skipped="0">
  <testcase classname="Testcases.MyfirstTest" name="loginTest" time="8.525"/>
</testsuite> <!-- Testcases.MyfirstTest -->
